<?xml version="1.0" encoding="UTF-8"?>
<testng-results ignored="0" total="1" passed="1" failed="0" skipped="0">
  <reporter-output>
  </reporter-output>
  <suite started-at="2024-02-12T11:45:18 IST" name="Default suite" finished-at="2024-02-12T11:45:32 IST" duration-ms="13464">
    <groups>
    </groups>
    <test started-at="2024-02-12T11:45:18 IST" name="Default test" finished-at="2024-02-12T11:45:32 IST" duration-ms="13464">
      <class name="com.qa.test.Testcase4">
        <test-method signature="test4()[pri:0, instance:com.qa.test.Testcase4@6d763516]" started-at="2024-02-12T11:45:18 IST" name="test4" finished-at="2024-02-12T11:45:32 IST" duration-ms="13396" status="PASS">
          <reporter-output>
          </reporter-output>
        </test-method> <!-- test4 -->
      </class> <!-- com.qa.test.Testcase4 -->
    </test> <!-- Default test -->
  </suite> <!-- Default suite -->
</testng-results>
